#
# A fatal error has been detected by the Java Runtime Environment:
#
#  SIGSEGV (0xb) at pc=0x011a0d8c, pid=6344, tid=3039345520
#
# JRE version: 6.0_23-b23
# Java VM: OpenJDK Client VM (20.0-b11 mixed mode, sharing linux-x86 )
# Derivative: IcedTea6 1.11pre
# Distribution: Ubuntu 11.10, package 6b23~pre11-0ubuntu1.11.10.2
# Problematic frame:
# V  [libjvm.so+0x363d8c]  CompactibleSpace::compact()+0xcc
#
# If you would like to submit a bug report, please include
# instructions how to reproduce the bug and visit:
#   https://bugs.launchpad.net/ubuntu/+source/openjdk-6/
#

---------------  T H R E A D  ---------------

Current thread (0x0962d000):  VMThread [stack: 0xb520b000,0xb528c000] [id=6350]

siginfo:si_signo=SIGSEGV: si_errno=0, si_code=1 (SEGV_MAPERR), si_addr=0x00000000

Registers:
EAX=0x00000003, EBX=0x01366ff4, ECX=0x00000004, EDX=0x01367c1c
ESP=0xb528adb0, EBP=0x7aec0608, ESI=0x7aec0608, EDI=0x8513f9f8
EIP=0x011a0d8c, EFLAGS=0x00210293, CR2=0x00000000

Top of Stack: (sp=0xb528adb0)
0xb528adb0:   8f9283c0 8f928a28 09607710 01131ed8
0xb528adc0:   0101d80c 94300b40 011fbe3d 01366ff4
0xb528add0:   7aef5630 00000000 00000004 09606e90
0xb528ade0:   949c6610 8f9289f0 00000001 011a0e20
0xb528adf0:   09607528 09607710 01366ff4 01366ff4
0xb528ae00:   09606e90 00000000 09605610 010093c3
0xb528ae10:   09606e90 00000001 01379680 00f85eb7
0xb528ae20:   8f900000 0000a28a b528aebc 01002ed2 

Instructions: (pc=0x011a0d8c)
0x011a0d6c:   ee 8b 4c 24 28 31 c0 85 c9 74 46 39 f7 8d 44 8e
0x011a0d7c:   fc 76 04 39 c7 76 1a 83 f9 20 77 11 29 f7 8b 06
0x011a0d8c:   89 04 37 83 c6 04 83 e9 01 75 f3 eb 24 f3 a5 eb
0x011a0d9c:   20 83 f9 20 89 c6 8d 7c 8f fc 77 11 29 f7 8b 06 

Register to memory mapping:

EAX=0x00000003 is an unknown value
EBX=0x01366ff4: <offset 0x529ff4> in /usr/lib/jvm/java-6-openjdk/jre/lib/i386/client/libjvm.so at 0x00e3d000
ECX=0x00000004 is an unknown value
EDX=0x01367c1c: <offset 0x52ac1c> in /usr/lib/jvm/java-6-openjdk/jre/lib/i386/client/libjvm.so at 0x00e3d000
ESP=0xb528adb0 is an unknown value
EBP=0x7aec0608 is an oop

[error occurred during error reporting (printing register info), id 0xb]

Stack: [0xb520b000,0xb528c000],  sp=0xb528adb0,  free space=511k
Native frames: (J=compiled Java code, j=interpreted, Vv=VM code, C=native code)
V  [libjvm.so+0x363d8c]  CompactibleSpace::compact()+0xcc

VM_Operation (0xb771d788): GenCollectForAllocation, mode: safepoint, requested by thread 0x09601000


---------------  P R O C E S S  ---------------

Java Threads: ( => current thread )
  0x0963b800 JavaThread "Low Memory Detector" daemon [_thread_blocked, id=6355, stack(0xb4e05000,0xb4e56000)]
  0x09639800 JavaThread "C1 CompilerThread0" daemon [_thread_blocked, id=6354, stack(0xb4e56000,0xb4ed7000)]
  0x09637c00 JavaThread "Signal Dispatcher" daemon [_thread_blocked, id=6353, stack(0xb4ed7000,0xb4f28000)]
  0x09630800 JavaThread "Finalizer" daemon [_thread_blocked, id=6352, stack(0xb5169000,0xb51ba000)]
  0x0962f000 JavaThread "Reference Handler" daemon [_thread_blocked, id=6351, stack(0xb51ba000,0xb520b000)]
  0x09601000 JavaThread "main" [_thread_blocked, id=6349, stack(0xb76ce000,0xb771f000)]

Other Threads:
=>0x0962d000 VMThread [stack: 0xb520b000,0xb528c000] [id=6350]
  0x09647400 WatcherThread [stack: 0xb4d84000,0xb4e05000] [id=6356]

VM state:at safepoint (normal execution)

VM Mutex/Monitor currently owned by a thread:  ([mutex/lock_event])
[0x095feb48] Threads_lock - owner thread: 0x0962d000
[0x095fef58] Heap_lock - owner thread: 0x09601000

Heap
 def new generation   total 4992K, used 512K [0x6f900000, 0x6fe60000, 0x7a3a0000)
  eden space 4480K,   0% used [0x6f900000, 0x6f900000, 0x6fd60000)
  from space 512K, 100% used [0x6fd60000, 0x6fde0000, 0x6fde0000)
  to   space 512K,   0% used [0x6fde0000, 0x6fde0000, 0x6fe60000)
 tenured generation   total 11712K, used 11605K [0x7a3a0000, 0x7af10000, 0x8f900000)
   the space 11712K,  99% used [0x7a3a0000, 0x7aef5630, 0x7a6bf800, 0x7af10000)
 compacting perm gen  total 12288K, used 162K [0x8f900000, 0x90500000, 0x93900000)
   the space 12288K,   1% used [0x8f900000, 0x8f928a28, 0x8f928c00, 0x90500000)
    ro space 10240K,  73% used [0x93900000, 0x940606b0, 0x94060800, 0x94300000)
    rw space 12288K,  60% used [0x94300000, 0x94a49f80, 0x94a4a000, 0x94f00000)

Code Cache  [0xb56ce000, 0xb5816000, 0xb76ce000)
 total_blobs=516 nmethods=392 adapters=60 free_code_cache=32234176 largest_free_block=64

Dynamic libraries:
00110000-00288000 r-xp 00000000 08:06 64531      /lib/i386-linux-gnu/libc-2.13.so
00288000-0028a000 r--p 00178000 08:06 64531      /lib/i386-linux-gnu/libc-2.13.so
0028a000-0028b000 rw-p 0017a000 08:06 64531      /lib/i386-linux-gnu/libc-2.13.so
0028b000-0028e000 rw-p 00000000 00:00 0 
0028e000-0036c000 r-xp 00000000 08:06 157416     /usr/lib/i386-linux-gnu/libstdc++.so.6.0.16
0036c000-0036d000 ---p 000de000 08:06 157416     /usr/lib/i386-linux-gnu/libstdc++.so.6.0.16
0036d000-00371000 r--p 000de000 08:06 157416     /usr/lib/i386-linux-gnu/libstdc++.so.6.0.16
00371000-00372000 rw-p 000e2000 08:06 157416     /usr/lib/i386-linux-gnu/libstdc++.so.6.0.16
00372000-00379000 rw-p 00000000 00:00 0 
00379000-00395000 r-xp 00000000 08:06 58996      /lib/i386-linux-gnu/libgcc_s.so.1
00395000-00396000 r--p 0001b000 08:06 58996      /lib/i386-linux-gnu/libgcc_s.so.1
00396000-00397000 rw-p 0001c000 08:06 58996      /lib/i386-linux-gnu/libgcc_s.so.1
00397000-0039f000 r-xp 00000000 08:06 64538      /lib/i386-linux-gnu/libnss_compat-2.13.so
0039f000-003a0000 r--p 00007000 08:06 64538      /lib/i386-linux-gnu/libnss_compat-2.13.so
003a0000-003a1000 rw-p 00008000 08:06 64538      /lib/i386-linux-gnu/libnss_compat-2.13.so
00430000-00437000 r-xp 00000000 08:06 64547      /lib/i386-linux-gnu/librt-2.13.so
00437000-00438000 r--p 00006000 08:06 64547      /lib/i386-linux-gnu/librt-2.13.so
00438000-00439000 rw-p 00007000 08:06 64547      /lib/i386-linux-gnu/librt-2.13.so
00452000-00459000 r-xp 00000000 08:06 140493     /usr/lib/jvm/java-6-openjdk/jre/lib/i386/libzip.so
00459000-0045a000 r--p 00006000 08:06 140493     /usr/lib/jvm/java-6-openjdk/jre/lib/i386/libzip.so
0045a000-0045b000 rw-p 00007000 08:06 140493     /usr/lib/jvm/java-6-openjdk/jre/lib/i386/libzip.so
00577000-00582000 r-xp 00000000 08:06 139846     /usr/lib/jvm/java-6-openjdk/jre/lib/i386/libverify.so
00582000-00583000 ---p 0000b000 08:06 139846     /usr/lib/jvm/java-6-openjdk/jre/lib/i386/libverify.so
00583000-00584000 r--p 0000b000 08:06 139846     /usr/lib/jvm/java-6-openjdk/jre/lib/i386/libverify.so
00584000-00585000 rw-p 0000c000 08:06 139846     /usr/lib/jvm/java-6-openjdk/jre/lib/i386/libverify.so
00814000-00829000 r-xp 00000000 08:06 64537      /lib/i386-linux-gnu/libnsl-2.13.so
00829000-0082a000 r--p 00015000 08:06 64537      /lib/i386-linux-gnu/libnsl-2.13.so
0082a000-0082b000 rw-p 00016000 08:06 64537      /lib/i386-linux-gnu/libnsl-2.13.so
0082b000-0082d000 rw-p 00000000 00:00 0 
00853000-00879000 r-xp 00000000 08:06 139828     /usr/lib/jvm/java-6-openjdk/jre/lib/i386/libjava.so
00879000-0087a000 r--p 00025000 08:06 139828     /usr/lib/jvm/java-6-openjdk/jre/lib/i386/libjava.so
0087a000-0087c000 rw-p 00026000 08:06 139828     /usr/lib/jvm/java-6-openjdk/jre/lib/i386/libjava.so
008dc000-008dd000 r-xp 00000000 00:00 0          [vdso]
00963000-00967000 r-xp 00000000 08:06 139813     /usr/lib/jvm/java-6-openjdk/jre/lib/i386/jli/libjli.so
00967000-00968000 r--p 00003000 08:06 139813     /usr/lib/jvm/java-6-openjdk/jre/lib/i386/jli/libjli.so
00968000-00969000 rw-p 00004000 08:06 139813     /usr/lib/jvm/java-6-openjdk/jre/lib/i386/jli/libjli.so
00994000-0099e000 r-xp 00000000 08:06 64542      /lib/i386-linux-gnu/libnss_nis-2.13.so
0099e000-0099f000 r--p 00009000 08:06 64542      /lib/i386-linux-gnu/libnss_nis-2.13.so
0099f000-009a0000 rw-p 0000a000 08:06 64542      /lib/i386-linux-gnu/libnss_nis-2.13.so
009a5000-009b0000 r-xp 00000000 08:06 64540      /lib/i386-linux-gnu/libnss_files-2.13.so
009b0000-009b1000 r--p 0000a000 08:06 64540      /lib/i386-linux-gnu/libnss_files-2.13.so
009b1000-009b2000 rw-p 0000b000 08:06 64540      /lib/i386-linux-gnu/libnss_files-2.13.so
00b3b000-00b63000 r-xp 00000000 08:06 64535      /lib/i386-linux-gnu/libm-2.13.so
00b63000-00b64000 r--p 00028000 08:06 64535      /lib/i386-linux-gnu/libm-2.13.so
00b64000-00b65000 rw-p 00029000 08:06 64535      /lib/i386-linux-gnu/libm-2.13.so
00bb6000-00bcd000 r-xp 00000000 08:06 64545      /lib/i386-linux-gnu/libpthread-2.13.so
00bcd000-00bce000 r--p 00016000 08:06 64545      /lib/i386-linux-gnu/libpthread-2.13.so
00bce000-00bcf000 rw-p 00017000 08:06 64545      /lib/i386-linux-gnu/libpthread-2.13.so
00bcf000-00bd1000 rw-p 00000000 00:00 0 
00c96000-00c99000 r-xp 00000000 08:06 64534      /lib/i386-linux-gnu/libdl-2.13.so
00c99000-00c9a000 r--p 00002000 08:06 64534      /lib/i386-linux-gnu/libdl-2.13.so
00c9a000-00c9b000 rw-p 00003000 08:06 64534      /lib/i386-linux-gnu/libdl-2.13.so
00cfd000-00d10000 r-xp 00000000 08:06 59058      /lib/i386-linux-gnu/libz.so.1.2.3.4
00d10000-00d11000 r--p 00012000 08:06 59058      /lib/i386-linux-gnu/libz.so.1.2.3.4
00d11000-00d12000 rw-p 00013000 08:06 59058      /lib/i386-linux-gnu/libz.so.1.2.3.4
00e1d000-00e3b000 r-xp 00000000 08:06 64528      /lib/i386-linux-gnu/ld-2.13.so
00e3b000-00e3c000 r--p 0001d000 08:06 64528      /lib/i386-linux-gnu/ld-2.13.so
00e3c000-00e3d000 rw-p 0001e000 08:06 64528      /lib/i386-linux-gnu/ld-2.13.so
00e3d000-01350000 r-xp 00000000 08:06 139810     /usr/lib/jvm/java-6-openjdk/jre/lib/i386/client/libjvm.so
01350000-01367000 r--p 00512000 08:06 139810     /usr/lib/jvm/java-6-openjdk/jre/lib/i386/client/libjvm.so
01367000-01374000 rw-p 00529000 08:06 139810     /usr/lib/jvm/java-6-openjdk/jre/lib/i386/client/libjvm.so
01374000-0178c000 rw-p 00000000 00:00 0 
08048000-08051000 r-xp 00000000 08:06 140554     /usr/lib/jvm/java-6-openjdk/jre/bin/java
08051000-08052000 r--p 00008000 08:06 140554     /usr/lib/jvm/java-6-openjdk/jre/bin/java
08052000-08053000 rw-p 00009000 08:06 140554     /usr/lib/jvm/java-6-openjdk/jre/bin/java
095fa000-09829000 rw-p 00000000 00:00 0          [heap]
6f900000-6fe60000 rw-p 00000000 00:00 0 
6fe60000-7a3a0000 rw-p 00000000 00:00 0 
7a3a0000-7af10000 rw-p 00000000 00:00 0 
7af10000-8f900000 rw-p 00000000 00:00 0 
8f900000-90500000 rw-p 00000000 00:00 0 
90500000-93900000 rw-p 00000000 00:00 0 
93900000-94061000 r--s 00001000 08:06 140368     /usr/lib/jvm/java-6-openjdk/jre/lib/i386/client/classes.jsa
94061000-94300000 rw-p 00000000 00:00 0 
94300000-94a4a000 rw-p 00762000 08:06 140368     /usr/lib/jvm/java-6-openjdk/jre/lib/i386/client/classes.jsa
94a4a000-94f00000 rw-p 00000000 00:00 0 
94f00000-94ffc000 rw-p 00eac000 08:06 140368     /usr/lib/jvm/java-6-openjdk/jre/lib/i386/client/classes.jsa
94ffc000-95300000 rw-p 00000000 00:00 0 
95300000-95308000 r-xs 00fa8000 08:06 140368     /usr/lib/jvm/java-6-openjdk/jre/lib/i386/client/classes.jsa
95308000-95700000 rw-p 00000000 00:00 0 
b4d7c000-b4d84000 r--s 00066000 08:06 285764     /usr/share/java/gnome-java-bridge.jar
b4d84000-b4d85000 ---p 00000000 00:00 0 
b4d85000-b4e05000 rw-p 00000000 00:00 0 
b4e05000-b4e08000 ---p 00000000 00:00 0 
b4e08000-b4e56000 rw-p 00000000 00:00 0 
b4e56000-b4e59000 ---p 00000000 00:00 0 
b4e59000-b4ed7000 rw-p 00000000 00:00 0 
b4ed7000-b4eda000 ---p 00000000 00:00 0 
b4eda000-b4f28000 rw-p 00000000 00:00 0 
b4f28000-b4f29000 r--p 0043a000 08:06 157553     /usr/lib/locale/locale-archive
b4f29000-b4f69000 r--p 002bd000 08:06 157553     /usr/lib/locale/locale-archive
b4f69000-b5169000 r--p 00000000 08:06 157553     /usr/lib/locale/locale-archive
b5169000-b516c000 ---p 00000000 00:00 0 
b516c000-b51ba000 rw-p 00000000 00:00 0 
b51ba000-b51bd000 ---p 00000000 00:00 0 
b51bd000-b520b000 rw-p 00000000 00:00 0 
b520b000-b520c000 ---p 00000000 00:00 0 
b520c000-b52bf000 rw-p 00000000 00:00 0 
b52bf000-b544f000 r--s 037ba000 08:06 139809     /usr/lib/jvm/java-6-openjdk/jre/lib/rt.jar
b544f000-b545d000 rw-p 00000000 00:00 0 
b545d000-b5477000 rw-p 00000000 00:00 0 
b5477000-b547d000 rw-p 00000000 00:00 0 
b547d000-b5522000 rw-p 00000000 00:00 0 
b5522000-b5525000 rw-p 00000000 00:00 0 
b5525000-b5577000 rw-p 00000000 00:00 0 
b5577000-b557e000 rw-p 00000000 00:00 0 
b557e000-b5622000 rw-p 00000000 00:00 0 
b5622000-b5628000 rw-p 00000000 00:00 0 
b5628000-b5642000 rw-p 00000000 00:00 0 
b5642000-b5654000 rw-p 00000000 00:00 0 
b5654000-b56ce000 rw-p 00000000 00:00 0 
b56ce000-b5816000 rwxp 00000000 00:00 0 
b5816000-b76ce000 rw-p 00000000 00:00 0 
b76ce000-b76d1000 ---p 00000000 00:00 0 
b76d1000-b7722000 rw-p 00000000 00:00 0 
b7724000-b7726000 r--s 0000f000 08:06 140516     /usr/lib/jvm/java-6-openjdk/jre/lib/ext/pulse-java.jar
b7726000-b772c000 rw-p 00000000 00:00 0 
b772c000-b7734000 rw-s 00000000 08:06 383841     /tmp/hsperfdata_sunc/6344
b7734000-b7735000 rw-p 00000000 00:00 0 
b7735000-b7736000 ---p 00000000 00:00 0 
b7736000-b7738000 rw-p 00000000 00:00 0 
bffb2000-bffd3000 rw-p 00000000 00:00 0          [stack]

VM Arguments:
jvm_args: -Dfile.encoding=UTF-8 
java_command: TestImprovedDtw
Launcher Type: SUN_STANDARD

Environment Variables:
PATH=/usr/lib/lightdm/lightdm:/usr/local/sbin:/usr/local/bin:/usr/sbin:/usr/bin:/sbin:/bin:/usr/games
USERNAME=sunc
LD_LIBRARY_PATH=/usr/lib/jvm/java-6-openjdk/jre/lib/i386/client:/usr/lib/jvm/java-6-openjdk/jre/lib/i386:/usr/lib/jvm/java-6-openjdk/jre/../lib/i386:/usr/lib/jvm/java-6-openjdk/jre/lib/i386/client:/usr/lib/jvm/java-6-openjdk/jre/lib/i386:
SHELL=/bin/bash
DISPLAY=:0

Signal Handlers:
SIGSEGV: [libjvm.so+0x3e3640], sa_mask[0]=0x7ffbfeff, sa_flags=0x10000004
SIGBUS: [libjvm.so+0x3e3640], sa_mask[0]=0x7ffbfeff, sa_flags=0x10000004
SIGFPE: [libjvm.so+0x300e10], sa_mask[0]=0x7ffbfeff, sa_flags=0x10000004
SIGPIPE: [libjvm.so+0x300e10], sa_mask[0]=0x7ffbfeff, sa_flags=0x10000004
SIGXFSZ: [libjvm.so+0x300e10], sa_mask[0]=0x7ffbfeff, sa_flags=0x10000004
SIGILL: [libjvm.so+0x300e10], sa_mask[0]=0x7ffbfeff, sa_flags=0x10000004
SIGUSR1: SIG_DFL, sa_mask[0]=0x00000000, sa_flags=0x00000000
SIGUSR2: [libjvm.so+0x300ca0], sa_mask[0]=0x00000004, sa_flags=0x10000004
SIGHUP: [libjvm.so+0x303d40], sa_mask[0]=0x7ffbfeff, sa_flags=0x10000004
SIGINT: [libjvm.so+0x303d40], sa_mask[0]=0x7ffbfeff, sa_flags=0x10000004
SIGTERM: [libjvm.so+0x303d40], sa_mask[0]=0x7ffbfeff, sa_flags=0x10000004
SIGQUIT: [libjvm.so+0x303d40], sa_mask[0]=0x7ffbfeff, sa_flags=0x10000004


---------------  S Y S T E M  ---------------

OS:Ubuntu 11.10 (oneiric)
uname:Linux 3.0.0-17-generic #30-Ubuntu SMP Thu Mar 8 17:34:21 UTC 2012 i686
libc:glibc 2.13 NPTL 2.13 
rlimit: STACK 8192k, CORE 0k, NPROC 10940, NOFILE 4096, AS infinity
load average:2.37 2.22 1.38

/proc/meminfo:
MemTotal:        1414460 kB
MemFree:           85456 kB
Buffers:           93008 kB
Cached:           333612 kB
SwapCached:        15616 kB
Active:           545412 kB
Inactive:         562368 kB
Active(anon):     340840 kB
Inactive(anon):   345392 kB
Active(file):     204572 kB
Inactive(file):   216976 kB
Unevictable:          32 kB
Mlocked:              32 kB
HighTotal:        532296 kB
HighFree:           7060 kB
LowTotal:         882164 kB
LowFree:           78396 kB
SwapTotal:       1188772 kB
SwapFree:        1116144 kB
Dirty:               144 kB
Writeback:             0 kB
AnonPages:        668328 kB
Mapped:            82368 kB
Shmem:              5048 kB
Slab:              26500 kB
SReclaimable:      13808 kB
SUnreclaim:        12692 kB
KernelStack:        3000 kB
PageTables:         9108 kB
NFS_Unstable:          0 kB
Bounce:                0 kB
WritebackTmp:          0 kB
CommitLimit:     1896000 kB
Committed_AS:    2749508 kB
VmallocTotal:     122880 kB
VmallocUsed:       28040 kB
VmallocChunk:      89692 kB
HardwareCorrupted:     0 kB
AnonHugePages:         0 kB
HugePages_Total:       0
HugePages_Free:        0
HugePages_Rsvd:        0
HugePages_Surp:        0
Hugepagesize:       4096 kB
DirectMap4k:      245752 kB
DirectMap4M:      663552 kB


CPU:total 1 (1 cores per cpu, 1 threads per core) family 6 model 14 stepping 8, cmov, cx8, fxsr, mmx, sse, sse2, sse3

Memory: 4k page, physical 1414460k(85456k free), swap 1188772k(1116144k free)

vm_info: OpenJDK Client VM (20.0-b11) for linux-x86 JRE (1.6.0_23-b23), built on Feb 23 2012 06:34:21 by "buildd" with gcc 4.6.1

time: Sun Apr 15 00:26:53 2012
elapsed time: 715 seconds

